<?xml version="1.0" encoding="UTF-8"?>
<!-- Generated by org.testng.reporters.JUnitReportReporter -->
<testsuite hostname="Mohammad-Ashraf" failures="0" tests="1" name="testngpack.Remo" time="0.004" errors="0" timestamp="2022-06-16T15:46:34 IST" skipped="0">
  <testcase classname="testngpack.Remo" name="b" time="0.004"/>
  <system-out>
    <![CDATA[Remo class method]]>
  </system-out>
</testsuite> <!-- testngpack.Remo -->
