<?xml version="1.0" encoding="UTF-8"?>
<!-- Generated by org.testng.reporters.JUnitReportReporter -->
<testsuite hostname="Mohammad-Ashraf" failures="0" tests="2" name="testAnnotations.NewTest" time="0.014" errors="0" timestamp="2022-06-16T15:09:02 IST" skipped="0">
  <testcase classname="testAnnotations.NewTest" name="test2" time="0.002"/>
  <system-out>
    <![CDATA[Test case 2]]>
  </system-out>
  <testcase classname="testAnnotations.NewTest" name="test1" time="0.012"/>
  <system-out>
    <![CDATA[Test case 1]]>
  </system-out>
</testsuite> <!-- testAnnotations.NewTest -->
