<?xml version="1.0" encoding="UTF-8"?>
<!-- Generated by org.testng.reporters.JUnitReportReporter -->
<testsuite hostname="Mohammad-Ashraf" failures="0" tests="6" name="testngflags.Flag7" time="0.018" errors="0" timestamp="2022-06-16T15:42:14 IST" skipped="0">
  <testcase classname="testngflags.Flag7" name="it5" time="0.002"/>
  <system-out>
    <![CDATA[it5]]>
  </system-out>
  <testcase classname="testngflags.Flag7" name="it6" time="0.002"/>
  <system-out>
    <![CDATA[it6]]>
  </system-out>
  <testcase classname="testngflags.Flag7" name="it1" time="0.011"/>
  <system-out>
    <![CDATA[it1]]>
  </system-out>
  <testcase classname="testngflags.Flag7" name="it4" time="0.001"/>
  <system-out>
    <![CDATA[it4]]>
  </system-out>
  <testcase classname="testngflags.Flag7" name="it2" time="0.001"/>
  <system-out>
    <![CDATA[it2]]>
  </system-out>
  <testcase classname="testngflags.Flag7" name="it3" time="0.001"/>
  <system-out>
    <![CDATA[it3]]>
  </system-out>
</testsuite> <!-- testngflags.Flag7 -->
