<?xml version="1.0" encoding="UTF-8"?>
<!-- Generated by org.testng.reporters.JUnitReportReporter -->
<testsuite hostname="Mohammad-Ashraf" failures="0" tests="3" name="testAnnotations.TestValidLogin" time="37.009" errors="0" timestamp="2022-06-16T15:15:23 IST" skipped="0">
  <testcase classname="testAnnotations.TestValidLogin" name="search3" time="14.747"/>
  <system-out/>
  <testcase classname="testAnnotations.TestValidLogin" name="search2" time="14.010"/>
  <system-out/>
  <testcase classname="testAnnotations.TestValidLogin" name="search1" time="8.252"/>
  <system-out/>
</testsuite> <!-- testAnnotations.TestValidLogin -->
