<?xml version="1.0" encoding="UTF-8"?>
<!-- Generated by org.testng.reporters.JUnitReportReporter -->
<testsuite hostname="Mohammad-Ashraf" failures="0" tests="1" name="testngflags.ReadDataFromxml" time="12.083" errors="0" timestamp="2022-06-16T15:39:25 IST" skipped="0">
  <testcase classname="testngflags.ReadDataFromxml" name="launchBrowser" time="12.083"/>
  <system-out/>
</testsuite> <!-- testngflags.ReadDataFromxml -->
